[debug] [2021-05-04T15:46:04.161Z] ----------------------------------------------------------------------
[debug] [2021-05-04T15:46:04.163Z] Command:       /usr/local/bin/firebase /home/ivan/.cache/firebase/tools/lib/node_modules/firebase-tools/lib/bin/firebase init
[debug] [2021-05-04T15:46:04.163Z] CLI Version:   9.10.0
[debug] [2021-05-04T15:46:04.163Z] Platform:      linux
[debug] [2021-05-04T15:46:04.163Z] Node Version:  v12.18.1
[debug] [2021-05-04T15:46:04.163Z] Time:          Tue May 04 2021 18:46:04 GMT+0300 (Eastern European Summer Time)
[debug] [2021-05-04T15:46:04.164Z] ----------------------------------------------------------------------
[debug] 
[debug] [2021-05-04T15:46:04.167Z] > command requires scopes: ["email","openid","https://www.googleapis.com/auth/cloudplatformprojects.readonly","https://www.googleapis.com/auth/firebase","https://www.googleapis.com/auth/cloud-platform"]
[debug] [2021-05-04T15:46:04.167Z] > authorizing via signed-in user (forwork11500@gmail.com)
[info] 
     ######## #### ########  ######## ########     ###     ######  ########
     ##        ##  ##     ## ##       ##     ##  ##   ##  ##       ##
     ######    ##  ########  ######   ########  #########  ######  ######
     ##        ##  ##    ##  ##       ##     ## ##     ##       ## ##
     ##       #### ##     ## ######## ########  ##     ##  ######  ########

You're about to initialize a Firebase project in this directory:

  /home/ivan/projects/music_service/music-service-frontend

[info] 
=== Project Setup
[info] 
[info] First, let's associate this project directory with a Firebase project.
[info] You can create multiple project aliases by running firebase use --add, 
[info] but for now we'll just set up a default project.
[info] 
[info] i  If you want to create a project in a Google Cloud organization or folder, please use "firebase projects:create" instead, and return to this command when you've created the project. 
[debug] [2021-05-04T15:47:28.129Z] > refreshing access token with scopes: ["email","https://www.googleapis.com/auth/cloud-platform","https://www.googleapis.com/auth/cloudplatformprojects.readonly","https://www.googleapis.com/auth/firebase","openid"]
[debug] [2021-05-04T15:47:28.130Z] >>> HTTP REQUEST POST https://www.googleapis.com/oauth2/v3/token  
 <request body omitted>
[debug] [2021-05-04T15:47:28.736Z] <<< HTTP RESPONSE 200 {"pragma":"no-cache","cache-control":"no-cache, no-store, max-age=0, must-revalidate","expires":"Mon, 01 Jan 1990 00:00:00 GMT","date":"Tue, 04 May 2021 15:47:28 GMT","content-type":"application/json; charset=utf-8","vary":"X-Origin, Referer, Origin,Accept-Encoding","server":"scaffolding on HTTPServer2","x-xss-protection":"0","x-frame-options":"SAMEORIGIN","x-content-type-options":"nosniff","alt-svc":"h3-29=\":443\"; ma=2592000,h3-T051=\":443\"; ma=2592000,h3-Q050=\":443\"; ma=2592000,h3-Q046=\":443\"; ma=2592000,h3-Q043=\":443\"; ma=2592000,quic=\":443\"; ma=2592000; v=\"46,43\"","accept-ranges":"none","transfer-encoding":"chunked"}
[debug] [2021-05-04T15:47:28.837Z] >>> HTTP REQUEST POST https://cloudresourcemanager.googleapis.com/v1/projects  
 {"projectId":"music-service-123123","name":"music-service-123123"}
[debug] [2021-05-04T15:47:34.452Z] <<< HTTP RESPONSE 200 {"content-type":"application/json; charset=UTF-8","vary":"X-Origin, Referer, Origin,Accept-Encoding","date":"Tue, 04 May 2021 15:47:34 GMT","server":"ESF","cache-control":"private","x-xss-protection":"0","x-frame-options":"SAMEORIGIN","x-content-type-options":"nosniff","server-timing":"gfet4t7; dur=871","alt-svc":"h3-29=\":443\"; ma=2592000,h3-T051=\":443\"; ma=2592000,h3-Q050=\":443\"; ma=2592000,h3-Q046=\":443\"; ma=2592000,h3-Q043=\":443\"; ma=2592000,quic=\":443\"; ma=2592000; v=\"46,43\"","accept-ranges":"none","transfer-encoding":"chunked"}
[debug] [2021-05-04T15:47:34.475Z] > refreshing access token with scopes: []
[debug] [2021-05-04T15:47:34.476Z] >>> HTTP REQUEST POST https://www.googleapis.com/oauth2/v3/token  
 <request body omitted>
[debug] [2021-05-04T15:47:34.919Z] <<< HTTP RESPONSE 200 {"cache-control":"no-cache, no-store, max-age=0, must-revalidate","pragma":"no-cache","date":"Tue, 04 May 2021 15:47:34 GMT","expires":"Mon, 01 Jan 1990 00:00:00 GMT","content-type":"application/json; charset=utf-8","vary":"X-Origin, Referer, Origin,Accept-Encoding","server":"scaffolding on HTTPServer2","x-xss-protection":"0","x-frame-options":"SAMEORIGIN","x-content-type-options":"nosniff","alt-svc":"h3-29=\":443\"; ma=2592000,h3-T051=\":443\"; ma=2592000,h3-Q050=\":443\"; ma=2592000,h3-Q046=\":443\"; ma=2592000,h3-Q043=\":443\"; ma=2592000,quic=\":443\"; ma=2592000; v=\"46,43\"","accept-ranges":"none","transfer-encoding":"chunked"}
[debug] [2021-05-04T15:47:35.287Z] >>> [apiv2][query] GET https://cloudresourcemanager.googleapis.com/v1/operations/cp.6147793296363188124 [none]
[debug] [2021-05-04T15:47:36.940Z] <<< [apiv2][status] GET https://cloudresourcemanager.googleapis.com/v1/operations/cp.6147793296363188124 200
[debug] [2021-05-04T15:47:36.941Z] <<< [apiv2][body] GET https://cloudresourcemanager.googleapis.com/v1/operations/cp.6147793296363188124 {"name":"operations/cp.6147793296363188124","metadata":{"@type":"type.googleapis.com/google.cloudresourcemanager.v1.ProjectCreationStatus","ready":true},"done":true,"error":{"code":9,"message":"Callers must accept Terms of Service","details":[{"@type":"type.googleapis.com/google.rpc.PreconditionFailure","violations":[{"type":"TOS","subject":"cloud","description":"Callers must accept Terms of Service"}]}]}}
[debug] [2021-05-04T15:47:38.819Z] FirebaseError: Callers must accept Terms of Service
    at OperationPoller.poll (/home/ivan/.cache/firebase/tools/lib/node_modules/firebase-tools/lib/operation-poller.js:23:19)
    at processTicksAndRejections (internal/process/task_queues.js:97:5)
    at async createCloudProject (/home/ivan/.cache/firebase/tools/lib/node_modules/firebase-tools/lib/management/projects.js:181:29)
    at async Object.createFirebaseProjectAndLog (/home/ivan/.cache/firebase/tools/lib/node_modules/firebase-tools/lib/management/projects.js:46:9)
    at async promptAndCreateNewProject (/home/ivan/.cache/firebase/tools/lib/node_modules/firebase-tools/lib/init/features/project.js:32:12)
    at async Object.doSetup [as project] (/home/ivan/.cache/firebase/tools/lib/node_modules/firebase-tools/lib/init/features/project.js:87:27)
    at async init (/home/ivan/.cache/firebase/tools/lib/node_modules/firebase-tools/lib/init/index.js:19:9)
[error] 
[error] Error: Failed to create project. See firebase-debug.log for more info.
[debug] [2021-05-04T15:48:28.992Z] ----------------------------------------------------------------------
[debug] [2021-05-04T15:48:28.994Z] Command:       /usr/local/bin/firebase /home/ivan/.cache/firebase/tools/lib/node_modules/firebase-tools/lib/bin/firebase projects:create
[debug] [2021-05-04T15:48:28.994Z] CLI Version:   9.10.0
[debug] [2021-05-04T15:48:28.994Z] Platform:      linux
[debug] [2021-05-04T15:48:28.994Z] Node Version:  v12.18.1
[debug] [2021-05-04T15:48:28.994Z] Time:          Tue May 04 2021 18:48:28 GMT+0300 (Eastern European Summer Time)
[debug] [2021-05-04T15:48:28.995Z] ----------------------------------------------------------------------
[debug] 
[debug] [2021-05-04T15:48:28.998Z] > command requires scopes: ["email","openid","https://www.googleapis.com/auth/cloudplatformprojects.readonly","https://www.googleapis.com/auth/firebase","https://www.googleapis.com/auth/cloud-platform"]
[debug] [2021-05-04T15:48:28.998Z] > authorizing via signed-in user (forwork11500@gmail.com)
[debug] [2021-05-04T15:48:41.854Z] > refreshing access token with scopes: ["email","https://www.googleapis.com/auth/cloud-platform","https://www.googleapis.com/auth/cloudplatformprojects.readonly","https://www.googleapis.com/auth/firebase","openid"]
[debug] [2021-05-04T15:48:41.855Z] >>> HTTP REQUEST POST https://www.googleapis.com/oauth2/v3/token  
 <request body omitted>
[debug] [2021-05-04T15:48:42.082Z] <<< HTTP RESPONSE 200 {"date":"Tue, 04 May 2021 15:48:42 GMT","pragma":"no-cache","expires":"Mon, 01 Jan 1990 00:00:00 GMT","cache-control":"no-cache, no-store, max-age=0, must-revalidate","content-type":"application/json; charset=utf-8","vary":"X-Origin, Referer, Origin,Accept-Encoding","server":"scaffolding on HTTPServer2","x-xss-protection":"0","x-frame-options":"SAMEORIGIN","x-content-type-options":"nosniff","alt-svc":"h3-29=\":443\"; ma=2592000,h3-T051=\":443\"; ma=2592000,h3-Q050=\":443\"; ma=2592000,h3-Q046=\":443\"; ma=2592000,h3-Q043=\":443\"; ma=2592000,quic=\":443\"; ma=2592000; v=\"46,43\"","accept-ranges":"none","transfer-encoding":"chunked"}
[debug] [2021-05-04T15:48:42.289Z] >>> HTTP REQUEST POST https://cloudresourcemanager.googleapis.com/v1/projects  
 {"projectId":"music-service-123123","name":"music-service-123123"}
[debug] [2021-05-04T15:48:43.488Z] <<< HTTP RESPONSE 200 {"content-type":"application/json; charset=UTF-8","vary":"X-Origin, Referer, Origin,Accept-Encoding","date":"Tue, 04 May 2021 15:48:43 GMT","server":"ESF","cache-control":"private","x-xss-protection":"0","x-frame-options":"SAMEORIGIN","x-content-type-options":"nosniff","server-timing":"gfet4t7; dur=928","alt-svc":"h3-29=\":443\"; ma=2592000,h3-T051=\":443\"; ma=2592000,h3-Q050=\":443\"; ma=2592000,h3-Q046=\":443\"; ma=2592000,h3-Q043=\":443\"; ma=2592000,quic=\":443\"; ma=2592000; v=\"46,43\"","accept-ranges":"none","transfer-encoding":"chunked"}
[debug] [2021-05-04T15:48:43.490Z] > refreshing access token with scopes: []
[debug] [2021-05-04T15:48:43.491Z] >>> HTTP REQUEST POST https://www.googleapis.com/oauth2/v3/token  
 <request body omitted>
[debug] [2021-05-04T15:48:44.692Z] <<< HTTP RESPONSE 200 {"date":"Tue, 04 May 2021 15:48:44 GMT","pragma":"no-cache","expires":"Mon, 01 Jan 1990 00:00:00 GMT","cache-control":"no-cache, no-store, max-age=0, must-revalidate","content-type":"application/json; charset=utf-8","vary":"X-Origin, Referer, Origin,Accept-Encoding","server":"scaffolding on HTTPServer2","x-xss-protection":"0","x-frame-options":"SAMEORIGIN","x-content-type-options":"nosniff","alt-svc":"h3-29=\":443\"; ma=2592000,h3-T051=\":443\"; ma=2592000,h3-Q050=\":443\"; ma=2592000,h3-Q046=\":443\"; ma=2592000,h3-Q043=\":443\"; ma=2592000,quic=\":443\"; ma=2592000; v=\"46,43\"","accept-ranges":"none","transfer-encoding":"chunked"}
[debug] [2021-05-04T15:48:44.870Z] >>> [apiv2][query] GET https://cloudresourcemanager.googleapis.com/v1/operations/cp.5068371733795412058 [none]
[debug] [2021-05-04T15:48:46.091Z] <<< [apiv2][status] GET https://cloudresourcemanager.googleapis.com/v1/operations/cp.5068371733795412058 200
[debug] [2021-05-04T15:48:46.092Z] <<< [apiv2][body] GET https://cloudresourcemanager.googleapis.com/v1/operations/cp.5068371733795412058 {"name":"operations/cp.5068371733795412058","metadata":{"@type":"type.googleapis.com/google.cloudresourcemanager.v1.ProjectCreationStatus","ready":true},"done":true,"error":{"code":9,"message":"Callers must accept Terms of Service","details":[{"@type":"type.googleapis.com/google.rpc.PreconditionFailure","violations":[{"type":"TOS","subject":"cloud","description":"Callers must accept Terms of Service"}]}]}}
[debug] [2021-05-04T15:48:46.284Z] FirebaseError: Callers must accept Terms of Service
    at OperationPoller.poll (/home/ivan/.cache/firebase/tools/lib/node_modules/firebase-tools/lib/operation-poller.js:23:19)
    at processTicksAndRejections (internal/process/task_queues.js:97:5)
    at async createCloudProject (/home/ivan/.cache/firebase/tools/lib/node_modules/firebase-tools/lib/management/projects.js:181:29)
    at async Object.createFirebaseProjectAndLog (/home/ivan/.cache/firebase/tools/lib/node_modules/firebase-tools/lib/management/projects.js:46:9)
[error] 
[error] Error: Failed to create project. See firebase-debug.log for more info.
[debug] [2021-05-04T15:51:26.266Z] ----------------------------------------------------------------------
[debug] [2021-05-04T15:51:26.267Z] Command:       /usr/local/bin/firebase /home/ivan/.cache/firebase/tools/lib/node_modules/firebase-tools/lib/bin/firebase init
[debug] [2021-05-04T15:51:26.267Z] CLI Version:   9.10.0
[debug] [2021-05-04T15:51:26.267Z] Platform:      linux
[debug] [2021-05-04T15:51:26.268Z] Node Version:  v12.18.1
[debug] [2021-05-04T15:51:26.268Z] Time:          Tue May 04 2021 18:51:26 GMT+0300 (Eastern European Summer Time)
[debug] [2021-05-04T15:51:26.268Z] ----------------------------------------------------------------------
[debug] 
[debug] [2021-05-04T15:51:26.271Z] > command requires scopes: ["email","openid","https://www.googleapis.com/auth/cloudplatformprojects.readonly","https://www.googleapis.com/auth/firebase","https://www.googleapis.com/auth/cloud-platform"]
[debug] [2021-05-04T15:51:26.271Z] > authorizing via signed-in user (forwork11500@gmail.com)
[info] 
     ######## #### ########  ######## ########     ###     ######  ########
     ##        ##  ##     ## ##       ##     ##  ##   ##  ##       ##
     ######    ##  ########  ######   ########  #########  ######  ######
     ##        ##  ##    ##  ##       ##     ## ##     ##       ## ##
     ##       #### ##     ## ######## ########  ##     ##  ######  ########

You're about to initialize a Firebase project in this directory:

  /home/ivan/projects/music_service/music-service-frontend

[info] 
=== Project Setup
[info] 
[info] First, let's associate this project directory with a Firebase project.
[info] You can create multiple project aliases by running firebase use --add, 
[info] but for now we'll just set up a default project.
[info] 
[debug] [2021-05-04T15:52:01.236Z] >>> [apiv2][query] GET https://firebase.googleapis.com/v1beta1/projects pageSize=100
[debug] [2021-05-04T15:52:02.045Z] <<< [apiv2][status] GET https://firebase.googleapis.com/v1beta1/projects 200
[debug] [2021-05-04T15:52:02.046Z] <<< [apiv2][body] GET https://firebase.googleapis.com/v1beta1/projects [omitted]
[info] i  Using project music-service-123123 (music-service-123123) 
[info] 
=== Hosting Setup
[info] 
[info] Your public directory is the folder (relative to your project directory) that
[info] will contain Hosting assets to be uploaded with firebase deploy. If you
[info] have a build process for your assets, use your build's output directory.
[info] 
